<?xml version="1.0" encoding="UTF-8"?>
<!-- Generated by org.testng.reporters.JUnitReportReporter -->
<testsuite hostname="DESKTOP-N2HG8IN" failures="0" tests="4" name="com.client.BookShop_KK.Module.ChildrenAndTeens.ChildrenAndTeensTest" time="58.457" errors="0" timestamp="2025-11-02T02:20:49 IST" skipped="0">
  <testcase classname="com.client.BookShop_KK.Module.ChildrenAndTeens.ChildrenAndTeensTest" name="sortAndSelectBookAndAddToCartAndPlaceOrderTest" time="33.578"/>
  <testcase classname="com.client.BookShop_KK.Module.ChildrenAndTeens.ChildrenAndTeensTest" name="integrationBetweenChildAndTeensLinkAndProductListingPage" time="6.551"/>
  <testcase classname="com.client.BookShop_KK.Module.ChildrenAndTeens.ChildrenAndTeensTest" name="selectBookAndAddToCartTest" time="8.576"/>
  <testcase classname="com.client.BookShop_KK.Module.ChildrenAndTeens.ChildrenAndTeensTest" name="selectBookAndAddToCartAndPlaceOrderTest" time="9.752"/>
</testsuite> <!-- com.client.BookShop_KK.Module.ChildrenAndTeens.ChildrenAndTeensTest -->
