<?xml version="1.0" encoding="UTF-8"?>
<!-- Generated by org.testng.reporters.JUnitReportReporter -->
<testsuite hostname="DESKTOP-N2HG8IN" failures="0" tests="1" name="com.client.BookShop_KK.Module.RegionalBooks.RegionalBooksTest" time="5.200" errors="0" timestamp="2025-11-01T17:50:57 IST" skipped="0">
  <testcase classname="com.client.BookShop_KK.Module.RegionalBooks.RegionalBooksTest" name="selectBookAndAddToCartAndPlaceOrderTest" time="5.200"/>
</testsuite> <!-- com.client.BookShop_KK.Module.RegionalBooks.RegionalBooksTest -->
