<?xml version="1.0" encoding="UTF-8"?>
<!-- Generated by org.testng.reporters.JUnitReportReporter -->
<testsuite hostname="DESKTOP-N2HG8IN" failures="0" tests="9" name="com.client.BookShop_KK.Module.HomePageModule.HomepageTest" time="41.391" errors="0" timestamp="2025-11-02T02:20:49 IST" skipped="0">
  <testcase classname="com.client.BookShop_KK.Module.HomePageModule.HomepageTest" name="verifySerarchBaarWithValidBookNameTest" time="4.552"/>
  <testcase classname="com.client.BookShop_KK.Module.HomePageModule.HomepageTest" name="veifyCategorylinkTest" time="3.847"/>
  <testcase classname="com.client.BookShop_KK.Module.HomePageModule.HomepageTest" name="veifyCategorylinkTest" time="3.966"/>
  <testcase classname="com.client.BookShop_KK.Module.HomePageModule.HomepageTest" name="veifyCategoryNamesTest" time="9.420"/>
  <testcase classname="com.client.BookShop_KK.Module.HomePageModule.HomepageTest" name="verifySerarchBaarVisiblityTest" time="2.843"/>
  <testcase classname="com.client.BookShop_KK.Module.HomePageModule.HomepageTest" name="veifyCategorylinkTest" time="4.041"/>
  <testcase classname="com.client.BookShop_KK.Module.HomePageModule.HomepageTest" name="verifyBookbirdLogoDisplayedTest" time="3.300"/>
  <testcase classname="com.client.BookShop_KK.Module.HomePageModule.HomepageTest" name="verifyNavigationToHomePageViaLogo" time="5.433"/>
  <testcase classname="com.client.BookShop_KK.Module.HomePageModule.HomepageTest" name="veifyCategorylinkTest" time="3.989"/>
</testsuite> <!-- com.client.BookShop_KK.Module.HomePageModule.HomepageTest -->
