<?xml version="1.0" encoding="UTF-8"?>
<!-- Generated by org.testng.reporters.JUnitReportReporter -->
<testsuite hostname="DESKTOP-N2HG8IN" failures="0" tests="4" name="com.client.BookShop_KK.Module.HomePageModule.HomePage02Test" time="20.148" errors="0" timestamp="2025-11-02T02:20:49 IST" skipped="0">
  <testcase classname="com.client.BookShop_KK.Module.HomePageModule.HomePage02Test" name="SignUpButtonVerificationTest" time="2.003"/>
  <testcase classname="com.client.BookShop_KK.Module.HomePageModule.HomePage02Test" name="LoginButtonVerificationTest" time="7.199"/>
  <testcase classname="com.client.BookShop_KK.Module.HomePageModule.HomePage02Test" name="userNamePostAccountCreationVerificationTest" time="6.280"/>
  <testcase classname="com.client.BookShop_KK.Module.HomePageModule.HomePage02Test" name="createAccountVerificationTest" time="4.666"/>
</testsuite> <!-- com.client.BookShop_KK.Module.HomePageModule.HomePage02Test -->
