<?xml version="1.0" encoding="UTF-8"?>
<!-- Generated by org.testng.reporters.JUnitReportReporter -->
<testsuite hostname="DESKTOP-N2HG8IN" failures="0" tests="1" name="com.client.BookShop_KK.Module.ChildrenAndTeens.ChildrenAndTeensTest" time="2.172" errors="0" timestamp="2025-10-29T15:37:05 IST" skipped="0">
  <testcase classname="com.client.BookShop_KK.Module.ChildrenAndTeens.ChildrenAndTeensTest" name="integrationBetweenChildAndTeensLinkAndProductListingPage" time="2.172"/>
</testsuite> <!-- com.client.BookShop_KK.Module.ChildrenAndTeens.ChildrenAndTeensTest -->
