<?xml version="1.0" encoding="UTF-8"?>
<!-- Generated by org.testng.reporters.JUnitReportReporter -->
<testsuite hostname="DESKTOP-N2HG8IN" failures="0" tests="1" name="src.test.java.com.client.BookShop_KK.Module.HealthAndCooking.HealthAndCooking" time="5.686" errors="0" timestamp="2025-11-01T18:07:51 IST" skipped="0">
  <testcase classname="src.test.java.com.client.BookShop_KK.Module.HealthAndCooking.HealthAndCooking" name="selectBookAndAddToCartAndPlaceOrderTest" time="5.686"/>
</testsuite> <!-- src.test.java.com.client.BookShop_KK.Module.HealthAndCooking.HealthAndCooking -->
