<?xml version="1.0" encoding="UTF-8"?>
<!-- Generated by org.testng.reporters.JUnitReportReporter -->
<testsuite hostname="DESKTOP-N2HG8IN" failures="0" tests="1" name="com.client.BookShop_KK.Module.PopularAuthors.ChildrenAndTeensTest" time="2.646" errors="0" timestamp="2025-11-01T22:38:17 IST" skipped="0">
  <testcase classname="com.client.BookShop_KK.Module.PopularAuthors.ChildrenAndTeensTest" name="selectBookAndAddToCartTest" time="2.646"/>
</testsuite> <!-- com.client.BookShop_KK.Module.PopularAuthors.ChildrenAndTeensTest -->
