<?xml version="1.0" encoding="UTF-8"?>
<!-- Generated by org.testng.reporters.JUnitReportReporter -->
<testsuite hostname="DESKTOP-N2HG8IN" failures="0" tests="1" name="com.client.BookShop_KK.Module.ChildrenAndTeens.ChildrenAndTeensTest" time="5.126" errors="0" timestamp="2025-11-01T17:39:42 IST" skipped="0">
  <testcase classname="com.client.BookShop_KK.Module.ChildrenAndTeens.ChildrenAndTeensTest" name="selectBookAndAddToCartAndPlaceOrderTest" time="5.126"/>
</testsuite> <!-- com.client.BookShop_KK.Module.ChildrenAndTeens.ChildrenAndTeensTest -->
