<?xml version="1.0" encoding="UTF-8"?>
<!-- Generated by org.testng.reporters.JUnitReportReporter -->
<testsuite hostname="DESKTOP-N2HG8IN" failures="0" tests="1" name="src.test.java.com.client.BookShop_KK.Module.TopNavigationBar.TopNavigationBarNegativeTest" time="5.748" errors="0" timestamp="2025-11-01T15:08:53 IST" skipped="0">
  <testcase classname="src.test.java.com.client.BookShop_KK.Module.TopNavigationBar.TopNavigationBarNegativeTest" name="navigateToProductListingWithoutLogin" time="5.748"/>
</testsuite> <!-- src.test.java.com.client.BookShop_KK.Module.TopNavigationBar.TopNavigationBarNegativeTest -->
