<?xml version="1.0" encoding="UTF-8"?>
<!-- Generated by org.testng.reporters.JUnitReportReporter -->
<testsuite hostname="DESKTOP-N2HG8IN" failures="0" tests="1" name="com.client.BookShop_AK.Module.ReadData" time="9.235" errors="0" timestamp="2025-11-02T01:14:08 IST" skipped="0">
  <testcase classname="com.client.BookShop_AK.Module.ReadData" name="readData" time="9.235"/>
</testsuite> <!-- com.client.BookShop_AK.Module.ReadData -->
