<?xml version="1.0" encoding="UTF-8"?>
<!-- Generated by org.testng.reporters.JUnitReportReporter -->
<testsuite hostname="DESKTOP-N2HG8IN" failures="0" tests="1" name="com.client.BookShop_KK.Module.RegionalBooks.RegionalBooksTest" time="6.195" errors="0" timestamp="2025-11-01T22:55:25 IST" skipped="0">
  <testcase classname="com.client.BookShop_KK.Module.RegionalBooks.RegionalBooksTest" name="sortAndSelectBookAndAddToCartAndPlaceOrderTest" time="6.195"/>
</testsuite> <!-- com.client.BookShop_KK.Module.RegionalBooks.RegionalBooksTest -->
