<?xml version="1.0" encoding="UTF-8"?>
<!-- Generated by org.testng.reporters.JUnitReportReporter -->
<testsuite hostname="DESKTOP-N2HG8IN" failures="0" tests="7" name="src.test.java.com.client.BookShop_KK.Module.TopNavigationBar.TopNavigationBarTest" time="38.494" errors="0" timestamp="2025-11-02T02:20:49 IST" skipped="0">
  <testcase classname="src.test.java.com.client.BookShop_KK.Module.TopNavigationBar.TopNavigationBarTest" name="searchBarAndProductListingPageTest" time="5.451"/>
  <testcase classname="src.test.java.com.client.BookShop_KK.Module.TopNavigationBar.TopNavigationBarTest" name="searchBookAndAddToCartTest" time="4.997"/>
  <testcase classname="src.test.java.com.client.BookShop_KK.Module.TopNavigationBar.TopNavigationBarTest" name="searchBarAndProductDetailPageTest" time="4.394"/>
  <testcase classname="src.test.java.com.client.BookShop_KK.Module.TopNavigationBar.TopNavigationBarTest" name="searchBarAndPlaceOrderTest" time="5.018"/>
  <testcase classname="src.test.java.com.client.BookShop_KK.Module.TopNavigationBar.TopNavigationBarTest" name="searchBarAndCartPageTest" time="6.183"/>
  <testcase classname="src.test.java.com.client.BookShop_KK.Module.TopNavigationBar.TopNavigationBarTest" name="InvalidProductNameAndProductListingPageTest" time="5.696"/>
  <testcase classname="src.test.java.com.client.BookShop_KK.Module.TopNavigationBar.TopNavigationBarTest" name="searchBarAndAddToCartTest" time="6.755"/>
</testsuite> <!-- src.test.java.com.client.BookShop_KK.Module.TopNavigationBar.TopNavigationBarTest -->
