<?xml version="1.0" encoding="UTF-8"?>
<!-- Generated by org.testng.reporters.JUnitReportReporter -->
<testsuite hostname="DESKTOP-N2HG8IN" failures="0" tests="3" name="src.test.java.com.client.BookShop_KK.Module.HealthAndCooking.HealthAndCooking" time="23.897" errors="0" timestamp="2025-11-01T15:08:53 IST" skipped="0">
  <testcase classname="src.test.java.com.client.BookShop_KK.Module.HealthAndCooking.HealthAndCooking" name="healthAndCookingLinkAndProductDetailPageTest" time="6.785"/>
  <testcase classname="src.test.java.com.client.BookShop_KK.Module.HealthAndCooking.HealthAndCooking" name="healthAndCookingLinkAndProductListingPageTest" time="9.510"/>
  <testcase classname="src.test.java.com.client.BookShop_KK.Module.HealthAndCooking.HealthAndCooking" name="productDetailRemainConstantInCarPageTest" time="7.602"/>
</testsuite> <!-- src.test.java.com.client.BookShop_KK.Module.HealthAndCooking.HealthAndCooking -->
