<?xml version="1.0" encoding="UTF-8"?>
<!-- Generated by org.testng.reporters.JUnitReportReporter -->
<testsuite hostname="DESKTOP-N2HG8IN" failures="0" tests="10" name="src.test.java.com.client.BookShop_KK.Module.BusinessAndManagement.BusinessAndManagement" time="110.472" errors="0" timestamp="2025-11-02T02:20:49 IST" skipped="0">
  <testcase classname="src.test.java.com.client.BookShop_KK.Module.BusinessAndManagement.BusinessAndManagement" name="verifyDiscountSortingHighToLow" time="4.475"/>
  <testcase classname="src.test.java.com.client.BookShop_KK.Module.BusinessAndManagement.BusinessAndManagement" name="productDetailRemainConstantInCartPageTest" time="7.252"/>
  <testcase classname="src.test.java.com.client.BookShop_KK.Module.BusinessAndManagement.BusinessAndManagement" name="businessAndManagementLinkAndProductDetailPageTest" time="4.778"/>
  <testcase classname="src.test.java.com.client.BookShop_KK.Module.BusinessAndManagement.BusinessAndManagement" name="userIsAbleToNavigateBackToHomePage" time="6.737"/>
  <testcase classname="src.test.java.com.client.BookShop_KK.Module.BusinessAndManagement.BusinessAndManagement" name="selectBookAndAddToCartAndPlaceOrderTest" time="9.021"/>
  <testcase classname="src.test.java.com.client.BookShop_KK.Module.BusinessAndManagement.BusinessAndManagement" name="verifyDiscountSortingLowToHigh" time="23.837"/>
  <testcase classname="src.test.java.com.client.BookShop_KK.Module.BusinessAndManagement.BusinessAndManagement" name="businessAndManagementLinkAndProductListingPageTest" time="2.659"/>
  <testcase classname="src.test.java.com.client.BookShop_KK.Module.BusinessAndManagement.BusinessAndManagement" name="verifySortLinkDisdplay" time="2.526"/>
  <testcase classname="src.test.java.com.client.BookShop_KK.Module.BusinessAndManagement.BusinessAndManagement" name="verifyPriceSortingHighToLow" time="25.089"/>
  <testcase classname="src.test.java.com.client.BookShop_KK.Module.BusinessAndManagement.BusinessAndManagement" name="verifyPriceSortingLowToHigh" time="24.098"/>
</testsuite> <!-- src.test.java.com.client.BookShop_KK.Module.BusinessAndManagement.BusinessAndManagement -->
