<?xml version="1.0" encoding="UTF-8"?>
<!-- Generated by org.testng.reporters.JUnitReportReporter -->
<testsuite hostname="DESKTOP-N2HG8IN" failures="0" tests="1" name="src.test.java.com.client.BookShop_KK.Module.BusinessAndManagement.BusinessAndManagement" time="5.297" errors="0" timestamp="2025-11-01T17:54:38 IST" skipped="0">
  <testcase classname="src.test.java.com.client.BookShop_KK.Module.BusinessAndManagement.BusinessAndManagement" name="selectBookAndAddToCartAndPlaceOrderTest" time="5.297"/>
</testsuite> <!-- src.test.java.com.client.BookShop_KK.Module.BusinessAndManagement.BusinessAndManagement -->
