<?xml version="1.0" encoding="UTF-8"?>
<!-- Generated by org.testng.reporters.JUnitReportReporter -->
<testsuite hostname="DESKTOP-N2HG8IN" failures="0" tests="1" name="com.client.BookShop_AK.Module.NewArrivalsTest" time="8.745" errors="0" timestamp="2025-11-02T01:14:08 IST" skipped="0">
  <testcase classname="com.client.BookShop_AK.Module.NewArrivalsTest" name="getAllNewArrivals" time="8.745"/>
</testsuite> <!-- com.client.BookShop_AK.Module.NewArrivalsTest -->
