<?xml version="1.0" encoding="UTF-8"?>
<!-- Generated by org.testng.reporters.JUnitReportReporter -->
<testsuite hostname="DESKTOP-N2HG8IN" failures="0" tests="10" name="com.client.BookShop_KK.Module.PopularAuthors.PopularAuthorsTest" time="89.659" errors="0" timestamp="2025-11-02T02:20:49 IST" skipped="0">
  <testcase classname="com.client.BookShop_KK.Module.PopularAuthors.PopularAuthorsTest" name="verifyBannerLinkLinkTest" time="3.563"/>
  <testcase classname="com.client.BookShop_KK.Module.PopularAuthors.PopularAuthorsTest" name="sortPriceSelectAddToCartAndPlaceOrderFromPopularAuthorTest" time="6.957"/>
  <testcase classname="com.client.BookShop_KK.Module.PopularAuthors.PopularAuthorsTest" name="navigateToPopularAuthorSelectBookAndPlaceOrderTestTest" time="10.667"/>
  <testcase classname="com.client.BookShop_KK.Module.PopularAuthors.PopularAuthorsTest" name="navigateToPopularAuthorSelectBookAndPlaceOrderTestTest" time="18.182"/>
  <testcase classname="com.client.BookShop_KK.Module.PopularAuthors.PopularAuthorsTest" name="navigateToPopularAuthorSelectBookAndPlaceOrderTestTest" time="11.124"/>
  <testcase classname="com.client.BookShop_KK.Module.PopularAuthors.PopularAuthorsTest" name="navigateToPopularAuthorSelectBookAddToCartTest" time="11.924"/>
  <testcase classname="com.client.BookShop_KK.Module.PopularAuthors.PopularAuthorsTest" name="verifyPopularAuthorDisplayedTestTest" time="3.237"/>
  <testcase classname="com.client.BookShop_KK.Module.PopularAuthors.PopularAuthorsTest" name="sortDiscountSelectAddToCartAndPlaceOrderFromPopularAuthorTest" time="9.056"/>
  <testcase classname="com.client.BookShop_KK.Module.PopularAuthors.PopularAuthorsTest" name="navigateToPopularAuthorSelectBookAndPlaceOrderTestTest" time="11.680"/>
  <testcase classname="com.client.BookShop_KK.Module.PopularAuthors.PopularAuthorsTest" name="verifyPopularAuthorLink" time="3.269"/>
</testsuite> <!-- com.client.BookShop_KK.Module.PopularAuthors.PopularAuthorsTest -->
