<?xml version="1.0" encoding="UTF-8"?>
<!-- Generated by org.testng.reporters.JUnitReportReporter -->
<testsuite hostname="DESKTOP-N2HG8IN" failures="0" tests="4" name="src.test.java.com.client.BookShop_KK.Module.HealthAndCooking.HealthAndCooking" time="27.517" errors="0" timestamp="2025-11-02T02:20:49 IST" skipped="0">
  <testcase classname="src.test.java.com.client.BookShop_KK.Module.HealthAndCooking.HealthAndCooking" name="productDetailRemainConstantInCarPageTest" time="10.240"/>
  <testcase classname="src.test.java.com.client.BookShop_KK.Module.HealthAndCooking.HealthAndCooking" name="selectBookAndAddToCartAndPlaceOrderTest" time="6.921"/>
  <testcase classname="src.test.java.com.client.BookShop_KK.Module.HealthAndCooking.HealthAndCooking" name="healthAndCookingLinkAndProductDetailPageTest" time="6.456"/>
  <testcase classname="src.test.java.com.client.BookShop_KK.Module.HealthAndCooking.HealthAndCooking" name="healthAndCookingLinkAndProductListingPageTest" time="3.900"/>
</testsuite> <!-- src.test.java.com.client.BookShop_KK.Module.HealthAndCooking.HealthAndCooking -->
