<?xml version="1.0" encoding="UTF-8"?>
<!-- Generated by org.testng.reporters.JUnitReportReporter -->
<testsuite hostname="DESKTOP-N2HG8IN" failures="0" tests="4" name="com.client.BookShop_KK.Module.RegionalBooks.PopularAuthorsTest" time="21.338" errors="0" timestamp="2025-11-01T22:26:43 IST" skipped="0">
  <testcase classname="com.client.BookShop_KK.Module.RegionalBooks.PopularAuthorsTest" name="navigateToPopularAuthorSelectBookAndPlaceOrderTestTest" time="5.610"/>
  <testcase classname="com.client.BookShop_KK.Module.RegionalBooks.PopularAuthorsTest" name="navigateToPopularAuthorSelectBookAndPlaceOrderTestTest" time="5.262"/>
  <testcase classname="com.client.BookShop_KK.Module.RegionalBooks.PopularAuthorsTest" name="navigateToPopularAuthorSelectBookAndPlaceOrderTestTest" time="5.352"/>
  <testcase classname="com.client.BookShop_KK.Module.RegionalBooks.PopularAuthorsTest" name="navigateToPopularAuthorSelectBookAndPlaceOrderTestTest" time="5.114"/>
</testsuite> <!-- com.client.BookShop_KK.Module.RegionalBooks.PopularAuthorsTest -->
