<?xml version="1.0" encoding="UTF-8"?>
<!-- Generated by org.testng.reporters.JUnitReportReporter -->
<testsuite hostname="DESKTOP-N2HG8IN" failures="0" tests="1" name="com.client.BookShop_KK.Module.HomePageModule.HomePage02Test" time="0.318" errors="0" timestamp="2025-10-29T16:56:33 IST" skipped="0">
  <testcase classname="com.client.BookShop_KK.Module.HomePageModule.HomePage02Test" name="veifyLoginButton" time="0.318"/>
</testsuite> <!-- com.client.BookShop_KK.Module.HomePageModule.HomePage02Test -->
