<?xml version="1.0" encoding="UTF-8"?>
<!-- Generated by org.testng.reporters.JUnitReportReporter -->
<testsuite hostname="DESKTOP-N2HG8IN" failures="0" tests="1" name="com.client.BookShop_KK.Module.ChildrenAndTeens.ChildrenAndTeensTest" time="27.640" errors="0" timestamp="2025-11-01T22:57:22 IST" skipped="0">
  <testcase classname="com.client.BookShop_KK.Module.ChildrenAndTeens.ChildrenAndTeensTest" name="sortAndSelectBookAndAddToCartAndPlaceOrderTest" time="27.640"/>
</testsuite> <!-- com.client.BookShop_KK.Module.ChildrenAndTeens.ChildrenAndTeensTest -->
