<?xml version="1.0" encoding="UTF-8"?>
<!-- Generated by org.testng.reporters.JUnitReportReporter -->
<testsuite hostname="DESKTOP-N2HG8IN" failures="0" tests="4" name="com.client.BookShop_KK.Module.HomePageModule.HomePage02Test" time="8.384" errors="0" timestamp="2025-11-01T15:08:53 IST" skipped="0">
  <testcase classname="com.client.BookShop_KK.Module.HomePageModule.HomePage02Test" name="LoginButtonVerificationTest" time="1.082"/>
  <testcase classname="com.client.BookShop_KK.Module.HomePageModule.HomePage02Test" name="userNamePostAccountCreationVerificationTest" time="2.547"/>
  <testcase classname="com.client.BookShop_KK.Module.HomePageModule.HomePage02Test" name="createAccountVerificationTest" time="3.177"/>
  <testcase classname="com.client.BookShop_KK.Module.HomePageModule.HomePage02Test" name="SignUpButtonVerificationTest" time="1.578"/>
</testsuite> <!-- com.client.BookShop_KK.Module.HomePageModule.HomePage02Test -->
