<?xml version="1.0" encoding="UTF-8"?>
<!-- Generated by org.testng.reporters.JUnitReportReporter -->
<testsuite hostname="DESKTOP-N2HG8IN" failures="0" tests="9" name="src.test.java.com.client.BookShop_KK.Module.BusinessAndManagement.BusinessAndManagement" time="92.616" errors="0" timestamp="2025-11-01T15:08:53 IST" skipped="0">
  <testcase classname="src.test.java.com.client.BookShop_KK.Module.BusinessAndManagement.BusinessAndManagement" name="verifyPriceSortingLowToHigh" time="23.000"/>
  <testcase classname="src.test.java.com.client.BookShop_KK.Module.BusinessAndManagement.BusinessAndManagement" name="verifyDiscountSortingLowToHigh" time="22.540"/>
  <testcase classname="src.test.java.com.client.BookShop_KK.Module.BusinessAndManagement.BusinessAndManagement" name="businessAndManagementLinkAndProductListingPageTest" time="6.546"/>
  <testcase classname="src.test.java.com.client.BookShop_KK.Module.BusinessAndManagement.BusinessAndManagement" name="businessAndManagementLinkAndProductDetailPageTest" time="5.236"/>
  <testcase classname="src.test.java.com.client.BookShop_KK.Module.BusinessAndManagement.BusinessAndManagement" name="verifyDiscountSortingHighToLow" time="2.927"/>
  <testcase classname="src.test.java.com.client.BookShop_KK.Module.BusinessAndManagement.BusinessAndManagement" name="verifySortLinkDisdplay" time="2.127"/>
  <testcase classname="src.test.java.com.client.BookShop_KK.Module.BusinessAndManagement.BusinessAndManagement" name="userIsAbleToNavigateBackToHomePage" time="3.393"/>
  <testcase classname="src.test.java.com.client.BookShop_KK.Module.BusinessAndManagement.BusinessAndManagement" name="verifyPriceSortingHighToLow" time="22.727"/>
  <testcase classname="src.test.java.com.client.BookShop_KK.Module.BusinessAndManagement.BusinessAndManagement" name="productDetailRemainConstantInCartPageTest" time="4.120"/>
</testsuite> <!-- src.test.java.com.client.BookShop_KK.Module.BusinessAndManagement.BusinessAndManagement -->
