<?xml version="1.0" encoding="UTF-8"?>
<!-- Generated by org.testng.reporters.JUnitReportReporter -->
<testsuite hostname="DESKTOP-N2HG8IN" failures="0" tests="1" name="src.test.java.com.client.BookShop_KK.Module.TopNavigationBar.TopNavigationBarTest" time="5.042" errors="0" timestamp="2025-11-01T16:59:18 IST" skipped="0">
  <testcase classname="src.test.java.com.client.BookShop_KK.Module.TopNavigationBar.TopNavigationBarTest" name="searchBookAndAddToCartTest" time="5.042"/>
</testsuite> <!-- src.test.java.com.client.BookShop_KK.Module.TopNavigationBar.TopNavigationBarTest -->
