<?xml version="1.0" encoding="UTF-8"?>
<!-- Generated by org.testng.reporters.JUnitReportReporter -->
<testsuite hostname="DESKTOP-N2HG8IN" failures="0" tests="1" name="com.client.BookShop_KK.Module.HomePageModule.HomePage02Test" time="1.014" errors="0" timestamp="2025-11-01T17:25:08 IST" skipped="0">
  <testcase classname="com.client.BookShop_KK.Module.HomePageModule.HomePage02Test" name="SignUpButtonVerificationTest" time="1.014"/>
</testsuite> <!-- com.client.BookShop_KK.Module.HomePageModule.HomePage02Test -->
